-------------------------------------------------------------------------------
Test set: com.plexus.main.kafkahttpdemo.KafkaHttpDemoApplicationTests
-------------------------------------------------------------------------------
Tests run: 1, Failures: 0, Errors: 1, Skipped: 0, Time elapsed: 0.231 s <<< FAILURE! - in com.plexus.main.kafkahttpdemo.KafkaHttpDemoApplicationTests
com.plexus.main.kafkahttpdemo.KafkaHttpDemoApplicationTests  Time elapsed: 0.23 s  <<< ERROR!
java.lang.IllegalStateException: Unable to find a @SpringBootConfiguration, you need to use @ContextConfiguration or @SpringBootTest(classes=...) with your test

